2026-04-10 03:21:35 INFO  com.zaxxer.hikari.HikariDataSource - HikariPool-1 - Shutdown initiated...
2026-04-10 03:21:35 INFO  com.zaxxer.hikari.HikariDataSource - HikariPool-1 - Shutdown completed.
2026-04-10 03:21:50 INFO  c.e.e.EmpManAppApplication - Starting EmpManAppApplication using Java 21.0.10 with PID 23379 (/workspaces/employee-management-app/EmpManApp/target/classes started by codespace in /workspaces/employee-management-app/EmpManApp)
2026-04-10 03:21:50 INFO  c.e.e.EmpManAppApplication - No active profile set, falling back to 1 default profile: "default"
2026-04-10 03:21:51 INFO  o.a.catalina.core.StandardService - Starting service [Tomcat]
2026-04-10 03:21:51 INFO  o.a.catalina.core.StandardEngine - Starting Servlet engine: [Apache Tomcat/10.1.20]
2026-04-10 03:21:51 INFO  o.a.c.c.C.[Tomcat].[localhost].[/] - Initializing Spring embedded WebApplicationContext
2026-04-10 03:21:51 INFO  o.h.jpa.internal.util.LogHelper - HHH000204: Processing PersistenceUnitInfo [name: default]
2026-04-10 03:21:52 INFO  org.hibernate.Version - HHH000412: Hibernate ORM core version 6.4.4.Final
2026-04-10 03:21:52 INFO  o.h.c.i.RegionFactoryInitiator - HHH000026: Second-level cache disabled
2026-04-10 03:21:52 INFO  com.zaxxer.hikari.HikariDataSource - HikariPool-1 - Starting...
2026-04-10 03:21:52 INFO  com.zaxxer.hikari.pool.HikariPool - HikariPool-1 - Added connection org.postgresql.jdbc.PgConnection@63a7781
2026-04-10 03:21:52 INFO  com.zaxxer.hikari.HikariDataSource - HikariPool-1 - Start completed.
2026-04-10 03:21:53 INFO  o.h.e.t.j.p.i.JtaPlatformInitiator - HHH000489: No JTA platform available (set 'hibernate.transaction.jta.platform' to enable JTA platform integration)
2026-04-10 03:21:55 INFO  c.e.e.EmpManAppApplication - Started EmpManAppApplication in 5.122 seconds (process running for 5.588)
2026-04-10 03:22:11 INFO  o.a.c.c.C.[Tomcat].[localhost].[/] - Initializing Spring DispatcherServlet 'dispatcherServlet'
2026-04-10 03:22:11 WARN  c.e.e.e.GlobalExceptionHandler - Validation failed: Email cannot be null
2026-04-10 03:22:23 ERROR c.e.e.service.DepartmentService - Unexpected error: Department not found with ID: 10
2026-04-10 03:22:23 WARN  c.e.e.e.GlobalExceptionHandler - Resource not found: Department not found with ID: 10
2026-04-10 03:22:42 WARN  o.h.e.jdbc.spi.SqlExceptionHelper - SQL Error: 0, SQLState: 23505
2026-04-10 03:22:42 ERROR o.h.e.jdbc.spi.SqlExceptionHelper - ERROR: duplicate key value violates unique constraint "ukj6cwks7xecs5jov19ro8ge3qk"
  Detail: Key (name)=(IT) already exists.
2026-04-10 03:22:42 ERROR c.e.e.service.DepartmentService - Unexpected error while creating department: could not execute statement [ERROR: duplicate key value violates unique constraint "ukj6cwks7xecs5jov19ro8ge3qk"
  Detail: Key (name)=(IT) already exists.] [insert into departments (name) values (?)]; SQL [insert into departments (name) values (?)]; constraint [ukj6cwks7xecs5jov19ro8ge3qk]
2026-04-10 03:22:42 WARN  c.e.e.e.GlobalExceptionHandler - An unexpected error occurred: An unexpected error occurred while creating the department.
2026-04-10 03:22:52 WARN  c.e.e.e.GlobalExceptionHandler - Validation failed: Department name cannot be blank
2026-04-10 03:47:32 INFO  com.zaxxer.hikari.HikariDataSource - HikariPool-1 - Shutdown initiated...
2026-04-10 03:47:32 INFO  com.zaxxer.hikari.HikariDataSource - HikariPool-1 - Shutdown completed.
2026-04-10 04:14:20 INFO  c.e.e.EmpManAppApplication - Starting EmpManAppApplication using Java 21.0.10 with PID 48592 (/workspaces/employee-management-app/EmpManApp/target/classes started by codespace in /workspaces/employee-management-app/EmpManApp)
2026-04-10 04:14:20 INFO  c.e.e.EmpManAppApplication - No active profile set, falling back to 1 default profile: "default"
2026-04-10 04:14:24 INFO  o.a.catalina.core.StandardService - Starting service [Tomcat]
2026-04-10 04:14:24 INFO  o.a.catalina.core.StandardEngine - Starting Servlet engine: [Apache Tomcat/10.1.20]
2026-04-10 04:14:24 INFO  o.a.c.c.C.[Tomcat].[localhost].[/] - Initializing Spring embedded WebApplicationContext
2026-04-10 04:14:25 INFO  o.h.jpa.internal.util.LogHelper - HHH000204: Processing PersistenceUnitInfo [name: default]
2026-04-10 04:14:25 INFO  org.hibernate.Version - HHH000412: Hibernate ORM core version 6.4.4.Final
2026-04-10 04:14:25 INFO  o.h.c.i.RegionFactoryInitiator - HHH000026: Second-level cache disabled
2026-04-10 04:14:25 INFO  com.zaxxer.hikari.HikariDataSource - HikariPool-1 - Starting...
2026-04-10 04:14:26 INFO  com.zaxxer.hikari.pool.HikariPool - HikariPool-1 - Added connection org.postgresql.jdbc.PgConnection@756c67cd
2026-04-10 04:14:26 INFO  com.zaxxer.hikari.HikariDataSource - HikariPool-1 - Start completed.
2026-04-10 04:14:27 INFO  o.h.e.t.j.p.i.JtaPlatformInitiator - HHH000489: No JTA platform available (set 'hibernate.transaction.jta.platform' to enable JTA platform integration)
2026-04-10 04:14:27 WARN  o.h.t.s.i.ExceptionHandlerLoggedImpl - GenerationTarget encountered exception accepting command : Error executing DDL "
    create table user (
        id bigserial not null,
        password varchar(255),
        username varchar(255),
        primary key (id)
    )" via JDBC [ERROR: syntax error at or near "user"
  Position: 19]
org.hibernate.tool.schema.spi.CommandAcceptanceException: Error executing DDL "
    create table user (
        id bigserial not null,
        password varchar(255),
        username varchar(255),
        primary key (id)
    )" via JDBC [ERROR: syntax error at or near "user"
  Position: 19]
	at org.hibernate.tool.schema.internal.exec.GenerationTargetToDatabase.accept(GenerationTargetToDatabase.java:94)
	at org.hibernate.tool.schema.internal.AbstractSchemaMigrator.applySqlString(AbstractSchemaMigrator.java:574)
	at org.hibernate.tool.schema.internal.AbstractSchemaMigrator.applySqlStrings(AbstractSchemaMigrator.java:514)
	at org.hibernate.tool.schema.internal.AbstractSchemaMigrator.createTable(AbstractSchemaMigrator.java:315)
	at org.hibernate.tool.schema.internal.GroupedSchemaMigratorImpl.performTablesMigration(GroupedSchemaMigratorImpl.java:80)
	at org.hibernate.tool.schema.internal.AbstractSchemaMigrator.performMigration(AbstractSchemaMigrator.java:232)
	at org.hibernate.tool.schema.internal.AbstractSchemaMigrator.doMigration(AbstractSchemaMigrator.java:117)
	at org.hibernate.tool.schema.spi.SchemaManagementToolCoordinator.performDatabaseAction(SchemaManagementToolCoordinator.java:286)
	at org.hibernate.tool.schema.spi.SchemaManagementToolCoordinator.lambda$process$5(SchemaManagementToolCoordinator.java:145)
	at java.base/java.util.HashMap.forEach(HashMap.java:1429)
	at org.hibernate.tool.schema.spi.SchemaManagementToolCoordinator.process(SchemaManagementToolCoordinator.java:142)
	at org.hibernate.boot.internal.SessionFactoryObserverForSchemaExport.sessionFactoryCreated(SessionFactoryObserverForSchemaExport.java:37)
	at org.hibernate.internal.SessionFactoryObserverChain.sessionFactoryCreated(SessionFactoryObserverChain.java:35)
	at org.hibernate.internal.SessionFactoryImpl.<init>(SessionFactoryImpl.java:315)
	at org.hibernate.boot.internal.SessionFactoryBuilderImpl.build(SessionFactoryBuilderImpl.java:450)
	at org.hibernate.jpa.boot.internal.EntityManagerFactoryBuilderImpl.build(EntityManagerFactoryBuilderImpl.java:1507)
	at org.springframework.orm.jpa.vendor.SpringHibernateJpaPersistenceProvider.createContainerEntityManagerFactory(SpringHibernateJpaPersistenceProvider.java:75)
	at org.springframework.orm.jpa.LocalContainerEntityManagerFactoryBean.createNativeEntityManagerFactory(LocalContainerEntityManagerFactoryBean.java:390)
	at org.springframework.orm.jpa.AbstractEntityManagerFactoryBean.buildNativeEntityManagerFactory(AbstractEntityManagerFactoryBean.java:409)
	at org.springframework.orm.jpa.AbstractEntityManagerFactoryBean.afterPropertiesSet(AbstractEntityManagerFactoryBean.java:396)
	at org.springframework.orm.jpa.LocalContainerEntityManagerFactoryBean.afterPropertiesSet(LocalContainerEntityManagerFactoryBean.java:366)
	at org.springframework.beans.factory.support.AbstractAutowireCapableBeanFactory.invokeInitMethods(AbstractAutowireCapableBeanFactory.java:1833)
	at org.springframework.beans.factory.support.AbstractAutowireCapableBeanFactory.initializeBean(AbstractAutowireCapableBeanFactory.java:1782)
	at org.springframework.beans.factory.support.AbstractAutowireCapableBeanFactory.doCreateBean(AbstractAutowireCapableBeanFactory.java:600)
	at org.springframework.beans.factory.support.AbstractAutowireCapableBeanFactory.createBean(AbstractAutowireCapableBeanFactory.java:522)
	at org.springframework.beans.factory.support.AbstractBeanFactory.lambda$doGetBean$0(AbstractBeanFactory.java:326)
	at org.springframework.beans.factory.support.DefaultSingletonBeanRegistry.getSingleton(DefaultSingletonBeanRegistry.java:234)
	at org.springframework.beans.factory.support.AbstractBeanFactory.doGetBean(AbstractBeanFactory.java:324)
	at org.springframework.beans.factory.support.AbstractBeanFactory.getBean(AbstractBeanFactory.java:200)
	at org.springframework.context.support.AbstractApplicationContext.getBean(AbstractApplicationContext.java:1234)
	at org.springframework.context.support.AbstractApplicationContext.finishBeanFactoryInitialization(AbstractApplicationContext.java:952)
	at org.springframework.context.support.AbstractApplicationContext.refresh(AbstractApplicationContext.java:624)
	at org.springframework.boot.web.servlet.context.ServletWebServerApplicationContext.refresh(ServletWebServerApplicationContext.java:146)
	at org.springframework.boot.SpringApplication.refresh(SpringApplication.java:754)
	at org.springframework.boot.SpringApplication.refreshContext(SpringApplication.java:456)
	at org.springframework.boot.SpringApplication.run(SpringApplication.java:334)
	at org.springframework.boot.SpringApplication.run(SpringApplication.java:1354)
	at org.springframework.boot.SpringApplication.run(SpringApplication.java:1343)
	at com.ems.empmanagamentapp.EmpManAppApplication.main(EmpManAppApplication.java:20)
Caused by: org.postgresql.util.PSQLException: ERROR: syntax error at or near "user"
  Position: 19
	at org.postgresql.core.v3.QueryExecutorImpl.receiveErrorResponse(QueryExecutorImpl.java:2713)
	at org.postgresql.core.v3.QueryExecutorImpl.processResults(QueryExecutorImpl.java:2401)
	at org.postgresql.core.v3.QueryExecutorImpl.execute(QueryExecutorImpl.java:368)
	at org.postgresql.jdbc.PgStatement.executeInternal(PgStatement.java:498)
	at org.postgresql.jdbc.PgStatement.execute(PgStatement.java:415)
	at org.postgresql.jdbc.PgStatement.executeWithFlags(PgStatement.java:335)
	at org.postgresql.jdbc.PgStatement.executeCachedSql(PgStatement.java:321)
	at org.postgresql.jdbc.PgStatement.executeWithFlags(PgStatement.java:297)
	at org.postgresql.jdbc.PgStatement.execute(PgStatement.java:292)
	at com.zaxxer.hikari.pool.ProxyStatement.execute(ProxyStatement.java:94)
	at com.zaxxer.hikari.pool.HikariProxyStatement.execute(HikariProxyStatement.java)
	at org.hibernate.tool.schema.internal.exec.GenerationTargetToDatabase.accept(GenerationTargetToDatabase.java:80)
	... 38 common frames omitted
2026-04-10 04:14:29 INFO  c.e.e.EmpManAppApplication - Started EmpManAppApplication in 9.656 seconds (process running for 10.17)
2026-04-10 04:15:12 INFO  o.a.c.c.C.[Tomcat].[localhost].[/] - Initializing Spring DispatcherServlet 'dispatcherServlet'
2026-04-10 04:15:12 WARN  o.h.e.jdbc.spi.SqlExceptionHelper - SQL Error: 0, SQLState: 42703
2026-04-10 04:15:12 ERROR o.h.e.jdbc.spi.SqlExceptionHelper - ERROR: column u1_0.id does not exist
  Position: 8
2026-04-10 04:15:12 ERROR c.e.e.e.GlobalExceptionHandler - An unexpected error occurred: JDBC exception executing SQL [select u1_0.id,u1_0.password,u1_0.username from user u1_0 where u1_0.username=?] [ERROR: column u1_0.id does not exist
  Position: 8] [n/a]; SQL [n/a]
2026-04-10 04:16:12 WARN  o.h.e.jdbc.spi.SqlExceptionHelper - SQL Error: 0, SQLState: 42703
2026-04-10 04:16:12 ERROR o.h.e.jdbc.spi.SqlExceptionHelper - ERROR: column u1_0.id does not exist
  Position: 8
2026-04-10 04:16:12 ERROR c.e.e.e.GlobalExceptionHandler - An unexpected error occurred: JDBC exception executing SQL [select u1_0.id,u1_0.password,u1_0.username from user u1_0 where u1_0.username=?] [ERROR: column u1_0.id does not exist
  Position: 8] [n/a]; SQL [n/a]
2026-04-10 04:21:19 INFO  com.zaxxer.hikari.HikariDataSource - HikariPool-1 - Shutdown initiated...
2026-04-10 04:21:19 INFO  com.zaxxer.hikari.HikariDataSource - HikariPool-1 - Shutdown completed.
2026-04-10 04:21:59 INFO  c.e.e.EmpManAppApplication - Starting EmpManAppApplication using Java 21.0.10 with PID 52578 (/workspaces/employee-management-app/EmpManApp/target/classes started by codespace in /workspaces/employee-management-app/EmpManApp)
2026-04-10 04:21:59 INFO  c.e.e.EmpManAppApplication - No active profile set, falling back to 1 default profile: "default"
2026-04-10 04:22:01 INFO  o.a.catalina.core.StandardService - Starting service [Tomcat]
2026-04-10 04:22:01 INFO  o.a.catalina.core.StandardEngine - Starting Servlet engine: [Apache Tomcat/10.1.20]
2026-04-10 04:22:01 INFO  o.a.c.c.C.[Tomcat].[localhost].[/] - Initializing Spring embedded WebApplicationContext
2026-04-10 04:22:01 INFO  o.h.jpa.internal.util.LogHelper - HHH000204: Processing PersistenceUnitInfo [name: default]
2026-04-10 04:22:01 INFO  org.hibernate.Version - HHH000412: Hibernate ORM core version 6.4.4.Final
2026-04-10 04:22:01 INFO  o.h.c.i.RegionFactoryInitiator - HHH000026: Second-level cache disabled
2026-04-10 04:22:01 INFO  com.zaxxer.hikari.HikariDataSource - HikariPool-1 - Starting...
2026-04-10 04:22:02 INFO  com.zaxxer.hikari.pool.HikariPool - HikariPool-1 - Added connection org.postgresql.jdbc.PgConnection@12214f2f
2026-04-10 04:22:02 INFO  com.zaxxer.hikari.HikariDataSource - HikariPool-1 - Start completed.
2026-04-10 04:22:03 INFO  o.h.e.t.j.p.i.JtaPlatformInitiator - HHH000489: No JTA platform available (set 'hibernate.transaction.jta.platform' to enable JTA platform integration)
2026-04-10 04:22:04 INFO  c.e.e.EmpManAppApplication - Started EmpManAppApplication in 5.67 seconds (process running for 6.097)
2026-04-10 04:22:18 INFO  o.a.c.c.C.[Tomcat].[localhost].[/] - Initializing Spring DispatcherServlet 'dispatcherServlet'
2026-04-10 04:23:27 ERROR c.e.e.e.GlobalExceptionHandler - An unexpected error occurred: The signing key's size is 72 bits which is not secure enough for the HS256 algorithm.  The JWT JWA Specification (RFC 7518, Section 3.2) states that keys used with HS256 MUST have a size >= 256 bits (the key size must be greater than or equal to the hash output size).  Consider using the io.jsonwebtoken.security.Keys class's 'secretKeyFor(SignatureAlgorithm.HS256)' method to create a key guaranteed to be secure enough for HS256.  See https://tools.ietf.org/html/rfc7518#section-3.2 for more information.
2026-04-10 04:24:26 INFO  com.zaxxer.hikari.HikariDataSource - HikariPool-1 - Shutdown initiated...
2026-04-10 04:24:26 INFO  com.zaxxer.hikari.HikariDataSource - HikariPool-1 - Shutdown completed.
2026-04-10 04:24:42 INFO  c.e.e.EmpManAppApplication - Starting EmpManAppApplication using Java 21.0.10 with PID 54125 (/workspaces/employee-management-app/EmpManApp/target/classes started by codespace in /workspaces/employee-management-app/EmpManApp)
2026-04-10 04:24:42 INFO  c.e.e.EmpManAppApplication - No active profile set, falling back to 1 default profile: "default"
2026-04-10 04:24:44 INFO  o.a.catalina.core.StandardService - Starting service [Tomcat]
2026-04-10 04:24:44 INFO  o.a.catalina.core.StandardEngine - Starting Servlet engine: [Apache Tomcat/10.1.20]
2026-04-10 04:24:44 INFO  o.a.c.c.C.[Tomcat].[localhost].[/] - Initializing Spring embedded WebApplicationContext
2026-04-10 04:24:44 INFO  o.h.jpa.internal.util.LogHelper - HHH000204: Processing PersistenceUnitInfo [name: default]
2026-04-10 04:24:44 INFO  org.hibernate.Version - HHH000412: Hibernate ORM core version 6.4.4.Final
2026-04-10 04:24:44 INFO  o.h.c.i.RegionFactoryInitiator - HHH000026: Second-level cache disabled
2026-04-10 04:24:45 INFO  com.zaxxer.hikari.HikariDataSource - HikariPool-1 - Starting...
2026-04-10 04:24:45 INFO  com.zaxxer.hikari.pool.HikariPool - HikariPool-1 - Added connection org.postgresql.jdbc.PgConnection@48ae9e8b
2026-04-10 04:24:45 INFO  com.zaxxer.hikari.HikariDataSource - HikariPool-1 - Start completed.
2026-04-10 04:24:46 INFO  o.h.e.t.j.p.i.JtaPlatformInitiator - HHH000489: No JTA platform available (set 'hibernate.transaction.jta.platform' to enable JTA platform integration)
2026-04-10 04:24:47 INFO  c.e.e.EmpManAppApplication - Started EmpManAppApplication in 5.902 seconds (process running for 6.457)
2026-04-10 04:25:01 INFO  o.a.c.c.C.[Tomcat].[localhost].[/] - Initializing Spring DispatcherServlet 'dispatcherServlet'
2026-04-10 04:25:02 ERROR c.e.e.e.GlobalExceptionHandler - An unexpected error occurred: Illegal base64 character: '*'
2026-04-10 04:25:47 INFO  com.zaxxer.hikari.HikariDataSource - HikariPool-1 - Shutdown initiated...
2026-04-10 04:25:47 INFO  com.zaxxer.hikari.HikariDataSource - HikariPool-1 - Shutdown completed.
2026-04-10 04:26:02 INFO  c.e.e.EmpManAppApplication - Starting EmpManAppApplication using Java 21.0.10 with PID 54977 (/workspaces/employee-management-app/EmpManApp/target/classes started by codespace in /workspaces/employee-management-app/EmpManApp)
2026-04-10 04:26:02 INFO  c.e.e.EmpManAppApplication - No active profile set, falling back to 1 default profile: "default"
2026-04-10 04:26:03 INFO  o.a.catalina.core.StandardService - Starting service [Tomcat]
2026-04-10 04:26:03 INFO  o.a.catalina.core.StandardEngine - Starting Servlet engine: [Apache Tomcat/10.1.20]
2026-04-10 04:26:03 INFO  o.a.c.c.C.[Tomcat].[localhost].[/] - Initializing Spring embedded WebApplicationContext
2026-04-10 04:26:04 INFO  o.h.jpa.internal.util.LogHelper - HHH000204: Processing PersistenceUnitInfo [name: default]
2026-04-10 04:26:04 INFO  org.hibernate.Version - HHH000412: Hibernate ORM core version 6.4.4.Final
2026-04-10 04:26:04 INFO  o.h.c.i.RegionFactoryInitiator - HHH000026: Second-level cache disabled
2026-04-10 04:26:04 INFO  com.zaxxer.hikari.HikariDataSource - HikariPool-1 - Starting...
2026-04-10 04:26:05 INFO  com.zaxxer.hikari.pool.HikariPool - HikariPool-1 - Added connection org.postgresql.jdbc.PgConnection@13234ac9
2026-04-10 04:26:05 INFO  com.zaxxer.hikari.HikariDataSource - HikariPool-1 - Start completed.
2026-04-10 04:26:06 INFO  o.h.e.t.j.p.i.JtaPlatformInitiator - HHH000489: No JTA platform available (set 'hibernate.transaction.jta.platform' to enable JTA platform integration)
2026-04-10 04:26:07 INFO  c.e.e.EmpManAppApplication - Started EmpManAppApplication in 5.726 seconds (process running for 6.234)
2026-04-10 04:26:17 INFO  o.a.c.c.C.[Tomcat].[localhost].[/] - Initializing Spring DispatcherServlet 'dispatcherServlet'
2026-04-10 04:26:17 ERROR c.e.e.e.GlobalExceptionHandler - An unexpected error occurred: Illegal base64 character: '^'
2026-04-10 04:26:59 INFO  com.zaxxer.hikari.HikariDataSource - HikariPool-1 - Shutdown initiated...
2026-04-10 04:26:59 INFO  com.zaxxer.hikari.HikariDataSource - HikariPool-1 - Shutdown completed.
2026-04-10 04:27:13 INFO  c.e.e.EmpManAppApplication - Starting EmpManAppApplication using Java 21.0.10 with PID 55728 (/workspaces/employee-management-app/EmpManApp/target/classes started by codespace in /workspaces/employee-management-app/EmpManApp)
2026-04-10 04:27:13 INFO  c.e.e.EmpManAppApplication - No active profile set, falling back to 1 default profile: "default"
2026-04-10 04:27:15 INFO  o.a.catalina.core.StandardService - Starting service [Tomcat]
2026-04-10 04:27:15 INFO  o.a.catalina.core.StandardEngine - Starting Servlet engine: [Apache Tomcat/10.1.20]
2026-04-10 04:27:15 INFO  o.a.c.c.C.[Tomcat].[localhost].[/] - Initializing Spring embedded WebApplicationContext
2026-04-10 04:27:15 INFO  o.h.jpa.internal.util.LogHelper - HHH000204: Processing PersistenceUnitInfo [name: default]
2026-04-10 04:27:15 INFO  org.hibernate.Version - HHH000412: Hibernate ORM core version 6.4.4.Final
2026-04-10 04:27:15 INFO  o.h.c.i.RegionFactoryInitiator - HHH000026: Second-level cache disabled
2026-04-10 04:27:16 INFO  com.zaxxer.hikari.HikariDataSource - HikariPool-1 - Starting...
2026-04-10 04:27:16 INFO  com.zaxxer.hikari.pool.HikariPool - HikariPool-1 - Added connection org.postgresql.jdbc.PgConnection@7de6549d
2026-04-10 04:27:16 INFO  com.zaxxer.hikari.HikariDataSource - HikariPool-1 - Start completed.
2026-04-10 04:27:17 INFO  o.h.e.t.j.p.i.JtaPlatformInitiator - HHH000489: No JTA platform available (set 'hibernate.transaction.jta.platform' to enable JTA platform integration)
2026-04-10 04:27:18 INFO  c.e.e.EmpManAppApplication - Started EmpManAppApplication in 5.622 seconds (process running for 6.161)
2026-04-10 04:27:30 INFO  o.a.c.c.C.[Tomcat].[localhost].[/] - Initializing Spring DispatcherServlet 'dispatcherServlet'
2026-04-10 04:27:31 ERROR c.e.e.e.GlobalExceptionHandler - An unexpected error occurred: Illegal base64 character: '&'
2026-04-10 04:28:02 INFO  com.zaxxer.hikari.HikariDataSource - HikariPool-1 - Shutdown initiated...
2026-04-10 04:28:02 INFO  com.zaxxer.hikari.HikariDataSource - HikariPool-1 - Shutdown completed.
2026-04-10 04:28:18 INFO  c.e.e.EmpManAppApplication - Starting EmpManAppApplication using Java 21.0.10 with PID 56440 (/workspaces/employee-management-app/EmpManApp/target/classes started by codespace in /workspaces/employee-management-app/EmpManApp)
2026-04-10 04:28:18 INFO  c.e.e.EmpManAppApplication - No active profile set, falling back to 1 default profile: "default"
2026-04-10 04:28:19 INFO  o.a.catalina.core.StandardService - Starting service [Tomcat]
2026-04-10 04:28:19 INFO  o.a.catalina.core.StandardEngine - Starting Servlet engine: [Apache Tomcat/10.1.20]
2026-04-10 04:28:19 INFO  o.a.c.c.C.[Tomcat].[localhost].[/] - Initializing Spring embedded WebApplicationContext
2026-04-10 04:28:19 INFO  o.h.jpa.internal.util.LogHelper - HHH000204: Processing PersistenceUnitInfo [name: default]
2026-04-10 04:28:19 INFO  org.hibernate.Version - HHH000412: Hibernate ORM core version 6.4.4.Final
2026-04-10 04:28:20 INFO  o.h.c.i.RegionFactoryInitiator - HHH000026: Second-level cache disabled
2026-04-10 04:28:20 INFO  com.zaxxer.hikari.HikariDataSource - HikariPool-1 - Starting...
2026-04-10 04:28:20 INFO  com.zaxxer.hikari.pool.HikariPool - HikariPool-1 - Added connection org.postgresql.jdbc.PgConnection@350d26f3
2026-04-10 04:28:20 INFO  com.zaxxer.hikari.HikariDataSource - HikariPool-1 - Start completed.
2026-04-10 04:28:22 INFO  o.h.e.t.j.p.i.JtaPlatformInitiator - HHH000489: No JTA platform available (set 'hibernate.transaction.jta.platform' to enable JTA platform integration)
2026-04-10 04:28:23 INFO  c.e.e.EmpManAppApplication - Started EmpManAppApplication in 5.774 seconds (process running for 6.309)
2026-04-10 04:28:32 INFO  o.a.c.c.C.[Tomcat].[localhost].[/] - Initializing Spring DispatcherServlet 'dispatcherServlet'
2026-04-10 04:37:42 INFO  com.zaxxer.hikari.HikariDataSource - HikariPool-1 - Shutdown initiated...
2026-04-10 04:37:42 INFO  com.zaxxer.hikari.HikariDataSource - HikariPool-1 - Shutdown completed.
2026-04-10 04:42:58 INFO  c.e.e.EmpManAppApplication - Starting EmpManAppApplication using Java 21.0.10 with PID 64239 (/workspaces/employee-management-app/EmpManApp/target/classes started by codespace in /workspaces/employee-management-app/EmpManApp)
2026-04-10 04:42:58 INFO  c.e.e.EmpManAppApplication - No active profile set, falling back to 1 default profile: "default"
2026-04-10 04:43:00 INFO  o.a.catalina.core.StandardService - Starting service [Tomcat]
2026-04-10 04:43:00 INFO  o.a.catalina.core.StandardEngine - Starting Servlet engine: [Apache Tomcat/10.1.20]
2026-04-10 04:43:00 INFO  o.a.c.c.C.[Tomcat].[localhost].[/] - Initializing Spring embedded WebApplicationContext
2026-04-10 04:43:00 INFO  o.h.jpa.internal.util.LogHelper - HHH000204: Processing PersistenceUnitInfo [name: default]
2026-04-10 04:43:00 INFO  org.hibernate.Version - HHH000412: Hibernate ORM core version 6.4.4.Final
2026-04-10 04:43:00 INFO  o.h.c.i.RegionFactoryInitiator - HHH000026: Second-level cache disabled
2026-04-10 04:43:00 INFO  com.zaxxer.hikari.HikariDataSource - HikariPool-1 - Starting...
2026-04-10 04:43:00 INFO  com.zaxxer.hikari.pool.HikariPool - HikariPool-1 - Added connection org.postgresql.jdbc.PgConnection@30af23fd
2026-04-10 04:43:00 INFO  com.zaxxer.hikari.HikariDataSource - HikariPool-1 - Start completed.
2026-04-10 04:43:02 INFO  o.h.e.t.j.p.i.JtaPlatformInitiator - HHH000489: No JTA platform available (set 'hibernate.transaction.jta.platform' to enable JTA platform integration)
2026-04-10 04:43:03 INFO  c.e.e.EmpManAppApplication - Started EmpManAppApplication in 5.337 seconds (process running for 5.761)
2026-04-10 04:43:27 INFO  o.a.c.c.C.[Tomcat].[localhost].[/] - Initializing Spring DispatcherServlet 'dispatcherServlet'
2026-04-10 04:47:11 INFO  com.zaxxer.hikari.HikariDataSource - HikariPool-1 - Shutdown initiated...
2026-04-10 04:47:11 INFO  com.zaxxer.hikari.HikariDataSource - HikariPool-1 - Shutdown completed.
2026-04-10 04:47:26 INFO  c.e.e.EmpManAppApplication - Starting EmpManAppApplication using Java 21.0.10 with PID 66430 (/workspaces/employee-management-app/EmpManApp/target/classes started by codespace in /workspaces/employee-management-app/EmpManApp)
2026-04-10 04:47:26 INFO  c.e.e.EmpManAppApplication - No active profile set, falling back to 1 default profile: "default"
2026-04-10 04:47:28 INFO  o.a.catalina.core.StandardService - Starting service [Tomcat]
2026-04-10 04:47:28 INFO  o.a.catalina.core.StandardEngine - Starting Servlet engine: [Apache Tomcat/10.1.20]
2026-04-10 04:47:28 INFO  o.a.c.c.C.[Tomcat].[localhost].[/] - Initializing Spring embedded WebApplicationContext
2026-04-10 04:47:28 INFO  o.h.jpa.internal.util.LogHelper - HHH000204: Processing PersistenceUnitInfo [name: default]
2026-04-10 04:47:28 INFO  org.hibernate.Version - HHH000412: Hibernate ORM core version 6.4.4.Final
2026-04-10 04:47:28 INFO  o.h.c.i.RegionFactoryInitiator - HHH000026: Second-level cache disabled
2026-04-10 04:47:29 INFO  com.zaxxer.hikari.HikariDataSource - HikariPool-1 - Starting...
2026-04-10 04:47:29 INFO  com.zaxxer.hikari.pool.HikariPool - HikariPool-1 - Added connection org.postgresql.jdbc.PgConnection@7c226095
2026-04-10 04:47:29 INFO  com.zaxxer.hikari.HikariDataSource - HikariPool-1 - Start completed.
2026-04-10 04:47:30 INFO  o.h.e.t.j.p.i.JtaPlatformInitiator - HHH000489: No JTA platform available (set 'hibernate.transaction.jta.platform' to enable JTA platform integration)
2026-04-10 04:47:32 INFO  c.e.e.EmpManAppApplication - Started EmpManAppApplication in 5.987 seconds (process running for 6.863)
2026-04-10 04:47:42 INFO  o.a.c.c.C.[Tomcat].[localhost].[/] - Initializing Spring DispatcherServlet 'dispatcherServlet'
2026-04-10 04:49:22 INFO  com.zaxxer.hikari.HikariDataSource - HikariPool-1 - Shutdown initiated...
2026-04-10 04:49:22 INFO  com.zaxxer.hikari.HikariDataSource - HikariPool-1 - Shutdown completed.
2026-04-10 04:49:36 INFO  c.e.e.EmpManAppApplication - Starting EmpManAppApplication using Java 21.0.10 with PID 67685 (/workspaces/employee-management-app/EmpManApp/target/classes started by codespace in /workspaces/employee-management-app/EmpManApp)
2026-04-10 04:49:36 INFO  c.e.e.EmpManAppApplication - No active profile set, falling back to 1 default profile: "default"
2026-04-10 04:49:37 INFO  o.a.catalina.core.StandardService - Starting service [Tomcat]
2026-04-10 04:49:37 INFO  o.a.catalina.core.StandardEngine - Starting Servlet engine: [Apache Tomcat/10.1.20]
2026-04-10 04:49:37 INFO  o.a.c.c.C.[Tomcat].[localhost].[/] - Initializing Spring embedded WebApplicationContext
2026-04-10 04:49:37 INFO  o.h.jpa.internal.util.LogHelper - HHH000204: Processing PersistenceUnitInfo [name: default]
2026-04-10 04:49:37 INFO  org.hibernate.Version - HHH000412: Hibernate ORM core version 6.4.4.Final
2026-04-10 04:49:38 INFO  o.h.c.i.RegionFactoryInitiator - HHH000026: Second-level cache disabled
2026-04-10 04:49:38 INFO  com.zaxxer.hikari.HikariDataSource - HikariPool-1 - Starting...
2026-04-10 04:49:38 INFO  com.zaxxer.hikari.pool.HikariPool - HikariPool-1 - Added connection org.postgresql.jdbc.PgConnection@7ea07516
2026-04-10 04:49:38 INFO  com.zaxxer.hikari.HikariDataSource - HikariPool-1 - Start completed.
2026-04-10 04:49:39 INFO  o.h.e.t.j.p.i.JtaPlatformInitiator - HHH000489: No JTA platform available (set 'hibernate.transaction.jta.platform' to enable JTA platform integration)
2026-04-10 04:49:40 INFO  c.e.e.EmpManAppApplication - Started EmpManAppApplication in 5.324 seconds (process running for 5.819)
2026-04-10 04:49:48 INFO  o.a.c.c.C.[Tomcat].[localhost].[/] - Initializing Spring DispatcherServlet 'dispatcherServlet'
2026-04-10 05:02:02 INFO  com.zaxxer.hikari.HikariDataSource - HikariPool-1 - Shutdown initiated...
2026-04-10 05:02:02 INFO  com.zaxxer.hikari.HikariDataSource - HikariPool-1 - Shutdown completed.
